<?xml version="1.0" encoding="UTF-8"?>
<testsuite name="com.bteam.order.domain.common.type.MoneyTest" tests="1" skipped="0" failures="0" errors="0" timestamp="2021-04-29T05:36:57" hostname="wychoiui-MacBookPro.local" time="0.014">
  <properties/>
  <testcase name="금액 확인()" classname="com.bteam.order.domain.common.type.MoneyTest" time="0.014"/>
  <system-out><![CDATA[]]></system-out>
  <system-err><![CDATA[]]></system-err>
</testsuite>
